[debug] [2019-06-20T12:18:52.628Z] ----------------------------------------------------------------------
[debug] [2019-06-20T12:18:52.631Z] Command:       C:\Program Files\nodejs\node.exe C:\Users\prasad\AppData\Roaming\npm\node_modules\firebase-tools\lib\bin\firebase.js init firestore
[debug] [2019-06-20T12:18:52.631Z] CLI Version:   7.0.0
[debug] [2019-06-20T12:18:52.631Z] Platform:      win32
[debug] [2019-06-20T12:18:52.631Z] Node Version:  v10.9.0
[debug] [2019-06-20T12:18:52.632Z] Time:          Thu Jun 20 2019 17:48:52 GMT+0530 (India Standard Time)
[debug] [2019-06-20T12:18:52.632Z] ----------------------------------------------------------------------
[debug] 
[debug] [2019-06-20T12:18:52.644Z] > command requires scopes: ["email","openid","https://www.googleapis.com/auth/cloudplatformprojects.readonly","https://www.googleapis.com/auth/firebase","https://www.googleapis.com/auth/cloud-platform"]
[debug] [2019-06-20T12:18:52.645Z] > authorizing via signed-in user
[info] 
     ######## #### ########  ######## ########     ###     ######  ########
     ##        ##  ##     ## ##       ##     ##  ##   ##  ##       ##
     ######    ##  ########  ######   ########  #########  ######  ######
     ##        ##  ##    ##  ##       ##     ## ##     ##       ## ##
     ##       #### ##     ## ######## ########  ##     ##  ######  ########

You're about to initialize a Firebase project in this directory:

  D:\dev\group-project2\code\web

Before we get started, keep in mind:

  * You are initializing in an existing Firebase project directory

[info] 
=== Project Setup
[info] 
[info] First, let's associate this project directory with a Firebase project.
[info] You can create multiple project aliases by running firebase use --add, 
[info] but for now we'll just set up a default project.
[info] 
[info] i  .firebaserc already has a default project, using practice-4eea4.
[debug] [2019-06-20T12:18:56.866Z] >>> HTTP REQUEST GET https://firebase.googleapis.com/v1beta1/projects/practice-4eea4  
 
[debug] [2019-06-20T12:18:57.336Z] <<< HTTP RESPONSE 200
[info] 
=== Firestore Setup
[debug] [2019-06-20T12:18:57.341Z] > command requires scopes: ["email","openid","https://www.googleapis.com/auth/cloudplatformprojects.readonly","https://www.googleapis.com/auth/firebase","https://www.googleapis.com/auth/cloud-platform"]
[debug] [2019-06-20T12:18:57.343Z] > authorizing via signed-in user
[debug] [2019-06-20T12:18:57.344Z] >>> HTTP REQUEST GET https://firebase.googleapis.com/v1beta1/projects/practice-4eea4  
 
[debug] [2019-06-20T12:18:57.708Z] <<< HTTP RESPONSE 200
[info] 
[info] Firestore Security Rules allow you to define how and when to allow
[info] requests. You can keep these rules in your project directory
[info] and publish them with firebase deploy.
[info] 
