[debug] [2019-06-28T14:59:04.207Z] ----------------------------------------------------------------------
[debug] [2019-06-28T14:59:04.212Z] Command:       /usr/bin/node /usr/bin/firebase functions:shell
[debug] [2019-06-28T14:59:04.213Z] CLI Version:   7.0.1
[debug] [2019-06-28T14:59:04.213Z] Platform:      linux
[debug] [2019-06-28T14:59:04.214Z] Node Version:  v10.16.0
[debug] [2019-06-28T14:59:04.215Z] Time:          Fri Jun 28 2019 20:29:04 GMT+0530 (India Standard Time)
[debug] [2019-06-28T14:59:04.215Z] ----------------------------------------------------------------------
[debug] 
[debug] [2019-06-28T14:59:04.223Z] > command requires scopes: ["email","openid","https://www.googleapis.com/auth/cloudplatformprojects.readonly","https://www.googleapis.com/auth/firebase","https://www.googleapis.com/auth/cloud-platform"]
[debug] [2019-06-28T14:59:04.224Z] > authorizing via signed-in user
[debug] [2019-06-28T14:59:04.224Z] [iam] checking project practice-4eea4 for permissions ["firebase.projects.get"]
[debug] [2019-06-28T14:59:04.229Z] >>> HTTP REQUEST POST https://cloudresourcemanager.googleapis.com/v1/projects/practice-4eea4:testIamPermissions  

[debug] [2019-06-28T14:59:06.880Z] <<< HTTP RESPONSE 200
[warn] ⚠  Your requested "node" version "8" doesn't match your global version "10"
[debug] [2019-06-28T14:59:06.920Z] >>> HTTP REQUEST GET https://cloudresourcemanager.googleapis.com/v1/projects/practice-4eea4  
 
[debug] [2019-06-28T14:59:10.560Z] <<< HTTP RESPONSE 200
[debug] [2019-06-28T14:59:10.562Z] >>> HTTP REQUEST GET https://mobilesdk-pa.googleapis.com/v1/projects/697255292974:getServerAppConfig  
 
[debug] [2019-06-28T14:59:14.955Z] <<< HTTP RESPONSE 200
[info] ✔  functions: Emulator started at http://localhost:5001
[debug] [2019-06-28T14:59:14.991Z] [functions] Watching "/mnt/content/dev/group-project2/code/web/functions" for Cloud Functions...
[debug] [2019-06-28T14:59:15.923Z] DEBUG: Functions runtime initialized.
[debug] [2019-06-28T14:59:15.925Z] DEBUG: Disabled runtime features: {"functions_config_helper":true,"network_filtering":true,"timeout":true,"memory_limiting":true,"protect_env":true,"admin_stubs":true}
[debug] [2019-06-28T14:59:17.441Z] DEBUG: firebase-admin has been stubbed.
[debug] [2019-06-28T14:59:17.512Z] INFO: Ignoring trigger "syncTripWithDriverTripInverse" because the Cloud Firestore emulator is not running.
[debug] [2019-06-28T14:59:17.514Z] INFO: Ignoring trigger "syncTripWithDriverTrip" because the Cloud Firestore emulator is not running.
[debug] [2019-06-28T14:59:17.515Z] INFO: Ignoring trigger "sendNewOrderRequest" because the Cloud Firestore emulator is not running.
[info] i  functions: Loaded functions: syncTripWithDriverTripInverse, syncTripWithDriverTrip, sendNewOrderRequest
[debug] [2019-06-28T16:54:52.421Z] DEBUG: File /mnt/content/dev/group-project2/code/web/functions/index.js changed, reloading triggers
[debug] [2019-06-28T16:54:53.856Z] DEBUG: Functions runtime initialized.
[debug] [2019-06-28T16:54:53.857Z] DEBUG: Disabled runtime features: {"functions_config_helper":true,"network_filtering":true,"timeout":true,"memory_limiting":true,"protect_env":true,"admin_stubs":true}
[debug] [2019-06-28T16:54:53.965Z] DEBUG: firebase-admin has been stubbed.
[debug] [2019-06-28T16:54:53.979Z] INFO: Ignoring trigger "syncTruckOrder" because the Cloud Firestore emulator is not running.
